2026-01-30 08:13:30 [INFO] root: æ—¥å¿—æ–‡ä»¶: logs/visrag_20260130.log
2026-01-30 08:13:30 [INFO] __main__: ä½¿ç”¨é»˜è®¤é…ç½®
2026-01-30 08:24:37 [INFO] root: æ—¥å¿—æ–‡ä»¶: logs/visrag_20260130.log
2026-01-30 10:30:03 [INFO] root: æ—¥å¿—æ–‡ä»¶: logs/visrag_20260130.log
2026-01-30 10:30:03 [INFO] __main__: ä½¿ç”¨é»˜è®¤é…ç½®
2026-01-30 10:31:10 [INFO] root: æ—¥å¿—æ–‡ä»¶: logs/visrag_20260130.log
2026-01-30 10:31:10 [INFO] __main__: ä½¿ç”¨é»˜è®¤é…ç½®
2026-01-30 10:40:38 [[32mINFO[0m] root: æ—¥å¿—æ–‡ä»¶: logs/visrag_20260130.log
2026-01-30 10:40:38 [[32mINFO[0m] __main__: ä½¿ç”¨é»˜è®¤é…ç½®
2026-01-30 10:40:39 [[32mINFO[0m] __main__: Generator backend: local
2026-01-30 10:40:39 [[32mINFO[0m] chromadb.telemetry.product.posthog: Anonymized telemetry enabled. See                     https://docs.trychroma.com/telemetry for more information.
2026-01-30 10:40:40 [[32mINFO[0m] src.store: ChromaStore åˆå§‹åŒ–å®Œæˆ: /data/xwh/VisRAG/chroma_db_smoke
2026-01-30 10:40:40 [[32mINFO[0m] src.embedder: åˆå§‹åŒ– HashEmbedder: dim=256
2026-01-30 10:40:40 [[32mINFO[0m] src.embedder: åˆå§‹åŒ– HashEmbedder: dim=256
2026-01-30 10:40:40 [[32mINFO[0m] src.pipeline: VisRAGPipeline åˆå§‹åŒ–å®Œæˆï¼Œæ•°æ®ç›®å½•: /data/xwh/VisRAG/chroma_db_smoke, æ–‡æœ¬ç»´åº¦: 256
2026-01-30 10:40:40 [[32mINFO[0m] src.pipeline: å¼€å§‹ç´¢å¼• PDF: smoke -> /data/xwh/VisRAG/dataset/Domain-Specific Data Generation Framework for RAG Adaptation.pdf
2026-01-30 10:40:40 [[32mINFO[0m] src.pipeline: é¡µé¢å›¾ç‰‡å¯¼å‡ºå®Œæˆ: 1 é¡µ -> /data/xwh/VisRAG/page_images/smoke
2026-01-30 10:40:40 [[32mINFO[0m] src.pipeline: æ–‡æœ¬ç´¢å¼•å®Œæˆ: 1 é¡µ
2026-01-30 10:40:40 [[32mINFO[0m] src.vision: æå– PDF è§†è§‰ tokens: /data/xwh/VisRAG/dataset/Domain-Specific Data Generation Framework for RAG Adaptation.pdf -> /data/xwh/VisRAG/vision_tokens_smoke
2026-01-30 10:40:40 [[32mINFO[0m] src.vision: åˆå§‹åŒ– DeepseekEncoder: device=cuda, dtype=torch.bfloat16
2026-01-30 10:42:59 [[32mINFO[0m] root: æ—¥å¿—æ–‡ä»¶: logs/visrag_20260130.log
2026-01-30 10:42:59 [[32mINFO[0m] __main__: ä½¿ç”¨é»˜è®¤é…ç½®
2026-01-30 10:43:00 [[32mINFO[0m] __main__: Generator backend: local
2026-01-30 10:43:00 [[32mINFO[0m] chromadb.telemetry.product.posthog: Anonymized telemetry enabled. See                     https://docs.trychroma.com/telemetry for more information.
2026-01-30 10:43:01 [[32mINFO[0m] src.store: ChromaStore åˆå§‹åŒ–å®Œæˆ: /data/xwh/VisRAG/chroma_db_smoke2
2026-01-30 10:43:01 [[32mINFO[0m] src.embedder: åˆå§‹åŒ– HashEmbedder: dim=256
2026-01-30 10:43:01 [[32mINFO[0m] src.embedder: åˆå§‹åŒ– HashEmbedder: dim=256
2026-01-30 10:43:01 [[32mINFO[0m] src.pipeline: VisRAGPipeline åˆå§‹åŒ–å®Œæˆï¼Œæ•°æ®ç›®å½•: /data/xwh/VisRAG/chroma_db_smoke2, æ–‡æœ¬ç»´åº¦: 256
2026-01-30 10:43:01 [[32mINFO[0m] src.pipeline: å¼€å§‹ç´¢å¼• PDF: smoke2 -> /data/xwh/VisRAG/dataset/Domain-Specific Data Generation Framework for RAG Adaptation.pdf
2026-01-30 10:43:01 [[32mINFO[0m] src.pipeline: é¡µé¢å›¾ç‰‡å¯¼å‡ºå®Œæˆ: 1 é¡µ -> /data/xwh/VisRAG/page_images/smoke2
2026-01-30 10:43:01 [[32mINFO[0m] src.pipeline: æ–‡æœ¬ç´¢å¼•å®Œæˆ: 1 é¡µ
2026-01-30 10:43:01 [[32mINFO[0m] src.vision: æå– PDF è§†è§‰ tokens: /data/xwh/VisRAG/dataset/Domain-Specific Data Generation Framework for RAG Adaptation.pdf -> /data/xwh/VisRAG/vision_tokens_smoke2
2026-01-30 10:43:01 [[32mINFO[0m] src.vision: åˆå§‹åŒ– DeepseekEncoder: device=cuda, dtype=torch.bfloat16
