2026-01-31 03:14:50 [[32mINFO[0m] root: æ—¥å¿—æ–‡ä»¶: logs/visrag_20260131.log
2026-01-31 03:14:50 [[32mINFO[0m] __main__: ä½¿ç”¨é»˜è®¤é…ç½®
2026-01-31 03:14:50 [[32mINFO[0m] __main__: Generator backend: local
2026-01-31 03:14:51 [[32mINFO[0m] chromadb.telemetry.product.posthog: Anonymized telemetry enabled. See                     https://docs.trychroma.com/telemetry for more information.
2026-01-31 03:14:51 [[32mINFO[0m] src.store: ChromaStore åˆå§‹åŒ–å®Œæˆ: /data/xwh/VisRAG/chroma_db
2026-01-31 03:14:51 [[32mINFO[0m] src.embedder: åˆå§‹åŒ– HashEmbedder: dim=256
2026-01-31 03:14:51 [[32mINFO[0m] src.embedder: åˆå§‹åŒ– HashEmbedder: dim=256
2026-01-31 03:14:51 [[32mINFO[0m] src.pipeline: VisRAGPipeline åˆå§‹åŒ–å®Œæˆï¼Œæ•°æ®ç›®å½•: /data/xwh/VisRAG/chroma_db, æ–‡æœ¬ç»´åº¦: 256
2026-01-31 03:14:51 [[32mINFO[0m] qa_pipeline: å¼€å§‹è¯„æµ‹: qa=/data/xwh/VisRAG/qa/visrag_8pdf_manual_qa.jsonl, pred=/data/xwh/VisRAG/qa/visrag_8pdf_manual_pred_copyref.jsonl
2026-01-31 03:14:51 [[32mINFO[0m] qa_pipeline: è¯„æµ‹æ ·æœ¬æ•°: 32, å¹³å‡ F1: 1.0000
2026-01-31 07:12:47 [[32mINFO[0m] root: æ—¥å¿—æ–‡ä»¶: logs/visrag_20260131.log
2026-01-31 07:12:47 [[32mINFO[0m] __main__: Generator backend: local
2026-01-31 07:13:24 [[32mINFO[0m] root: æ—¥å¿—æ–‡ä»¶: logs/visrag_20260131.log
2026-01-31 07:13:24 [[32mINFO[0m] __main__: Generator backend: local
2026-01-31 07:13:25 [[32mINFO[0m] __main__: å¼€å§‹è¯„æµ‹: qa=/data/xwh/VisRAG/qa/visrag_8pdf_manual_qa.jsonl, pred=/data/xwh/VisRAG/qa/pred_lock_top3.jsonl
2026-01-31 07:13:30 [[32mINFO[0m] __main__: è¯„æµ‹æ ·æœ¬æ•°: 32, å¹³å‡ F1: 0.0264
2026-01-31 07:14:10 [[32mINFO[0m] root: æ—¥å¿—æ–‡ä»¶: logs/visrag_20260131.log
2026-01-31 07:14:10 [[32mINFO[0m] __main__: Generator backend: local
2026-01-31 07:14:11 [[32mINFO[0m] __main__: å¼€å§‹è¯„æµ‹: qa=/data/xwh/VisRAG/qa/visrag_8pdf_manual_qa.jsonl, pred=/data/xwh/VisRAG/qa/pred_lock_top3.jsonl
2026-01-31 07:14:15 [[32mINFO[0m] __main__: è¯„æµ‹æ ·æœ¬æ•°: 32, å¹³å‡ F1: 0.0264
